<?xml version="1.0" encoding="UTF-8"?>
<testng-results ignored="0" total="1" passed="1" failed="0" skipped="0">
  <reporter-output>
  </reporter-output>
  <suite started-at="2021-12-05T09:25:41Z" name="Default suite" finished-at="2021-12-05T09:25:41Z" duration-ms="59">
    <groups>
    </groups>
    <test started-at="2021-12-05T09:25:41Z" name="Default test" finished-at="2021-12-05T09:25:41Z" duration-ms="59">
      <class name="com.tests.LoginTest">
        <test-method is-config="true" signature="sutUp()[pri:0, instance:com.tests.LoginTest@6dab9b6d]" started-at="2021-12-05T09:25:35Z" name="sutUp" finished-at="2021-12-05T09:25:41Z" duration-ms="5606" status="PASS">
          <reporter-output>
          </reporter-output>
        </test-method> <!-- sutUp -->
        <test-method signature="verifyTitle()[pri:0, instance:com.tests.LoginTest@6dab9b6d]" started-at="2021-12-05T09:25:41Z" name="verifyTitle" finished-at="2021-12-05T09:25:41Z" duration-ms="30" status="PASS">
          <reporter-output>
          </reporter-output>
        </test-method> <!-- verifyTitle -->
      </class> <!-- com.tests.LoginTest -->
    </test> <!-- Default test -->
  </suite> <!-- Default suite -->
</testng-results>
